mcg/src/test/Data/body-parser/analysis_dir/static/index.js<1:0,1:0> -> mcg/src/test/Data/body-parser/analysis_dir/static/index.js(Native):<21:1,21:33>
mcg/src/test/Data/body-parser/analysis_dir/static/index.js<1:0,1:0> -> mcg/src/test/Data/body-parser/analysis_dir/static/index.js(Native):<21:1,21:33>
mcg/src/test/Data/body-parser/analysis_dir/static/index.js<1:0,1:0> -> mcg/src/test/Data/body-parser/analysis_dir/static/index.js(Native):<45:1,49:2>
mcg/src/test/Data/body-parser/analysis_dir/static/index.js<1:0,1:0> -> mcg/src/test/Data/body-parser/analysis_dir/static/index.js(Native):<45:1,49:2>
mcg/src/test/Data/body-parser/analysis_dir/static/index.js<1:0,1:0> -> mcg/src/test/Data/body-parser/analysis_dir/static/index.js(Native):<45:1,49:2>
mcg/src/test/Data/body-parser/analysis_dir/static/index.js<1:0,1:0> -> mcg/src/test/Data/body-parser/analysis_dir/static/index.js(Native):<45:1,49:2>
mcg/src/test/Data/body-parser/analysis_dir/static/index.js<1:0,1:0> -> mcg/src/test/Data/body-parser/analysis_dir/static/index.js:<121:35,125:1>
mcg/src/test/Data/body-parser/analysis_dir/static/index.js<1:0,1:0> -> mcg/src/test/Data/body-parser/analysis_dir/static/index.js:<121:35,125:1>
mcg/src/test/Data/body-parser/analysis_dir/static/index.js<1:0,1:0> -> mcg/src/test/Data/body-parser/analysis_dir/static/index.js:<121:35,125:1>
mcg/src/test/Data/body-parser/analysis_dir/static/index.js<1:0,1:0> -> mcg/src/test/Data/body-parser/analysis_dir/static/index.js:<121:35,125:1>
mcg/src/test/Data/body-parser/analysis_dir/static/index.js:<122:25,124:3> -> mcg/src/test/Data/body-parser/analysis_dir/static/index.js:<132:33,157:1>
mcg/src/test/Data/body-parser/analysis_dir/static/lib/types/urlencoded.js:<257:36,269:3> -> mcg/src/test/Data/body-parser/analysis_dir/static/lib/types/urlencoded.js:<190:38,204:1>
mcg/src/test/Data/body-parser/analysis_dir/static/lib/types/urlencoded.js:<257:36,269:3> -> mcg/src/test/Data/body-parser/analysis_dir/static/lib/types/urlencoded.js:<72:24,76:3>
mcg/src/test/Data/body-parser/analysis_dir/static/lib/types/urlencoded.js:<257:36,269:3> -> mcg/src/test/Data/body-parser/analysis_dir/static/lib/types/text.js:<52:22,54:3>
mcg/src/test/Data/body-parser/analysis_dir/static/lib/types/urlencoded.js:<257:36,269:3> -> mcg/src/test/Data/body-parser/analysis_dir/static/lib/types/raw.js:<55:23,57:3>
mcg/src/test/Data/body-parser/analysis_dir/static/lib/types/urlencoded.js:<257:36,269:3> -> mcg/src/test/Data/body-parser/analysis_dir/static/lib/read.js:<38:54,132:1>
mcg/src/test/Data/body-parser/analysis_dir/static/lib/types/urlencoded.js:<257:36,269:3> -> mcg/src/test/Data/body-parser/analysis_dir/static/lib/types/json.js:<71:24,96:3>
mcg/src/test/Data/body-parser/analysis_dir/static/lib/types/json.js:<71:24,96:3> -> mcg/src/test/Data/body-parser/analysis_dir/static/lib/types/json.js(Native):<54:1,54:40>
mcg/src/test/Data/body-parser/analysis_dir/static/lib/types/json.js:<71:24,96:3> -> mcg/src/test/Data/body-parser/analysis_dir/static/lib/types/json.js:<202:47,217:1>
mcg/src/test/Data/body-parser/analysis_dir/static/lib/types/json.js:<71:24,96:3> -> mcg/src/test/Data/body-parser/analysis_dir/static/lib/types/json.js:<175:25,177:1>
mcg/src/test/Data/body-parser/analysis_dir/static/lib/types/urlencoded.js:<145:36,164:3> -> mcg/src/test/Data/body-parser/analysis_dir/static/lib/types/urlencoded.js(Native):<155:1,155:46>
mcg/src/test/Data/body-parser/analysis_dir/static/lib/types/urlencoded.js:<145:36,164:3> -> mcg/src/test/Data/body-parser/analysis_dir/static/lib/types/urlencoded.js:<190:38,204:1>
mcg/src/test/Data/body-parser/analysis_dir/static/lib/types/urlencoded.js:<145:36,164:3> -> mcg/src/test/Data/body-parser/analysis_dir/static/lib/types/urlencoded.js:<72:24,76:3>
mcg/src/test/Data/body-parser/analysis_dir/static/lib/types/urlencoded.js:<145:36,164:3> -> mcg/src/test/Data/body-parser/analysis_dir/static/lib/types/text.js:<52:22,54:3>
mcg/src/test/Data/body-parser/analysis_dir/static/lib/types/urlencoded.js:<145:36,164:3> -> mcg/src/test/Data/body-parser/analysis_dir/static/lib/types/raw.js:<55:23,57:3>
mcg/src/test/Data/body-parser/analysis_dir/static/lib/types/urlencoded.js:<145:36,164:3> -> mcg/src/test/Data/body-parser/analysis_dir/static/lib/read.js:<38:54,132:1>
mcg/src/test/Data/body-parser/analysis_dir/static/lib/types/urlencoded.js:<145:36,164:3> -> mcg/src/test/Data/body-parser/analysis_dir/static/lib/types/json.js:<71:24,96:3>
mcg/src/test/Data/body-parser/analysis_dir/static/lib/read.js:<77:47,131:3> -> mcg/src/test/Data/body-parser/analysis_dir/static/lib/types/json.js(Native):<127:1,127:75>
mcg/src/test/Data/body-parser/analysis_dir/static/lib/read.js:<77:47,131:3> -> mcg/src/test/Data/body-parser/analysis_dir/static/lib/types/json.js(Native):<188:1,188:74>
mcg/src/test/Data/body-parser/analysis_dir/static/lib/read.js:<77:47,131:3> -> mcg/src/test/Data/body-parser/analysis_dir/static/lib/types/urlencoded.js:<72:24,76:3>
mcg/src/test/Data/body-parser/analysis_dir/static/lib/read.js:<77:47,131:3> -> mcg/src/test/Data/body-parser/analysis_dir/static/lib/types/text.js:<52:22,54:3>
mcg/src/test/Data/body-parser/analysis_dir/static/lib/read.js:<77:47,131:3> -> mcg/src/test/Data/body-parser/analysis_dir/static/lib/types/raw.js:<55:23,57:3>
mcg/src/test/Data/body-parser/analysis_dir/static/lib/read.js:<77:47,131:3> -> mcg/src/test/Data/body-parser/analysis_dir/static/lib/read.js:<38:54,132:1>
mcg/src/test/Data/body-parser/analysis_dir/static/lib/read.js:<77:47,131:3> -> mcg/src/test/Data/body-parser/analysis_dir/static/lib/types/json.js:<71:24,96:3>
mcg/src/test/Data/body-parser/analysis_dir/static/lib/types/json.js(Native):<161:1,161:43> -> ND+mcg/src/test/Data/body-parser/analysis_dir/static/lib/types/json.js:<153:45,165:1>
mcg/src/test/Data/body-parser/analysis_dir/static/lib/types/json.js:<153:45,165:1> -> mcg/src/test/Data/body-parser/analysis_dir/static/lib/types/json.js(Native):<54:1,54:40>
mcg/src/test/Data/body-parser/analysis_dir/static/lib/types/json.js:<153:45,165:1> -> mcg/src/test/Data/body-parser/analysis_dir/static/lib/types/json.js(Native):<161:1,161:43>
mcg/src/test/Data/body-parser/analysis_dir/static/lib/types/json.js:<153:45,165:1> -> mcg/src/test/Data/body-parser/analysis_dir/static/lib/types/json.js(Native):<155:1,155:39>
mcg/src/test/Data/body-parser/analysis_dir/static/lib/types/json.js:<153:45,165:1> -> mcg/src/test/Data/body-parser/analysis_dir/static/lib/types/json.js(Native):<154:1,154:31>
mcg/src/test/Data/body-parser/analysis_dir/static/lib/types/json.js:<153:45,165:1> -> mcg/src/test/Data/body-parser/analysis_dir/static/lib/types/json.js:<202:47,217:1>
mcg/src/test/Data/body-parser/analysis_dir/static/lib/types/json.js:<175:25,177:1> -> mcg/src/test/Data/body-parser/analysis_dir/static/lib/types/json.js(Native):<176:1,176:36>
mcg/src/test/Data/body-parser/analysis_dir/static/lib/types/urlencoded.js:<78:52,122:3> -> mcg/src/test/Data/body-parser/analysis_dir/static/lib/types/json.js(Native):<127:1,127:75>
mcg/src/test/Data/body-parser/analysis_dir/static/lib/types/urlencoded.js:<78:52,122:3> -> mcg/src/test/Data/body-parser/analysis_dir/static/lib/types/urlencoded.js:<279:28,283:1>
mcg/src/test/Data/body-parser/analysis_dir/static/lib/types/urlencoded.js:<78:52,122:3> -> mcg/src/test/Data/body-parser/analysis_dir/static/lib/types/urlencoded.js:<174:26,180:1>
mcg/src/test/Data/body-parser/analysis_dir/static/lib/types/urlencoded.js:<78:52,122:3> -> mcg/src/test/Data/body-parser/analysis_dir/static/lib/types/text.js:<116:27,120:1>
mcg/src/test/Data/body-parser/analysis_dir/static/lib/types/urlencoded.js:<78:52,122:3> -> mcg/src/test/Data/body-parser/analysis_dir/static/lib/types/text.js:<101:25,107:1>
mcg/src/test/Data/body-parser/analysis_dir/static/lib/types/urlencoded.js:<78:52,122:3> -> mcg/src/test/Data/body-parser/analysis_dir/static/type-is/index.js:<161:26,182:1>
mcg/src/test/Data/body-parser/analysis_dir/static/lib/types/urlencoded.js:<78:52,122:3> -> mcg/src/test/Data/body-parser/analysis_dir/static/type-is/index.js:<92:23,95:1>
mcg/src/test/Data/body-parser/analysis_dir/static/lib/types/urlencoded.js:<78:52,122:3> -> mcg/src/test/Data/body-parser/analysis_dir/static/lib/types/raw.js:<101:28,105:1>
mcg/src/test/Data/body-parser/analysis_dir/static/lib/types/urlencoded.js:<78:52,122:3> -> mcg/src/test/Data/body-parser/analysis_dir/static/lib/read.js:<38:54,132:1>
mcg/src/test/Data/body-parser/analysis_dir/static/lib/types/urlencoded.js:<78:52,122:3> -> mcg/src/test/Data/body-parser/analysis_dir/static/lib/types/json.js:<226:28,230:1>
mcg/src/test/Data/body-parser/analysis_dir/static/lib/types/urlencoded.js:<78:52,122:3> -> mcg/src/test/Data/body-parser/analysis_dir/static/lib/types/json.js:<186:26,192:1>
mcg/src/test/Data/body-parser/analysis_dir/static/lib/types/json.js:<186:26,192:1> -> mcg/src/test/Data/body-parser/analysis_dir/static/lib/types/json.js(Native):<54:1,54:40>
mcg/src/test/Data/body-parser/analysis_dir/static/lib/types/json.js:<186:26,192:1> -> mcg/src/test/Data/body-parser/analysis_dir/static/lib/types/json.js(Native):<188:1,188:74>
mcg/src/test/Data/body-parser/analysis_dir/static/lib/types/text.js:<56:45,91:3> -> mcg/src/test/Data/body-parser/analysis_dir/static/lib/types/urlencoded.js:<279:28,283:1>
mcg/src/test/Data/body-parser/analysis_dir/static/lib/types/text.js:<56:45,91:3> -> mcg/src/test/Data/body-parser/analysis_dir/static/lib/types/urlencoded.js:<174:26,180:1>
mcg/src/test/Data/body-parser/analysis_dir/static/lib/types/text.js:<56:45,91:3> -> mcg/src/test/Data/body-parser/analysis_dir/static/lib/types/text.js:<116:27,120:1>
mcg/src/test/Data/body-parser/analysis_dir/static/lib/types/text.js:<56:45,91:3> -> mcg/src/test/Data/body-parser/analysis_dir/static/lib/types/text.js:<101:25,107:1>
mcg/src/test/Data/body-parser/analysis_dir/static/lib/types/text.js:<56:45,91:3> -> mcg/src/test/Data/body-parser/analysis_dir/static/type-is/index.js:<161:26,182:1>
mcg/src/test/Data/body-parser/analysis_dir/static/lib/types/text.js:<56:45,91:3> -> mcg/src/test/Data/body-parser/analysis_dir/static/type-is/index.js:<92:23,95:1>
mcg/src/test/Data/body-parser/analysis_dir/static/lib/types/text.js:<56:45,91:3> -> mcg/src/test/Data/body-parser/analysis_dir/static/lib/types/raw.js:<101:28,105:1>
mcg/src/test/Data/body-parser/analysis_dir/static/lib/types/text.js:<56:45,91:3> -> mcg/src/test/Data/body-parser/analysis_dir/static/lib/read.js:<38:54,132:1>
mcg/src/test/Data/body-parser/analysis_dir/static/lib/types/text.js:<56:45,91:3> -> mcg/src/test/Data/body-parser/analysis_dir/static/lib/types/json.js:<226:28,230:1>
mcg/src/test/Data/body-parser/analysis_dir/static/lib/types/text.js:<56:45,91:3> -> mcg/src/test/Data/body-parser/analysis_dir/static/lib/types/json.js:<186:26,192:1>
mcg/src/test/Data/body-parser/analysis_dir/static/lib/types/json.js:<98:46,141:3> -> mcg/src/test/Data/body-parser/analysis_dir/static/lib/types/json.js(Native):<125:1,125:28>
mcg/src/test/Data/body-parser/analysis_dir/static/lib/types/json.js:<98:46,141:3> -> mcg/src/test/Data/body-parser/analysis_dir/static/lib/types/json.js(Native):<127:1,127:75>
mcg/src/test/Data/body-parser/analysis_dir/static/lib/types/json.js:<98:46,141:3> -> mcg/src/test/Data/body-parser/analysis_dir/static/lib/types/urlencoded.js:<279:28,283:1>
mcg/src/test/Data/body-parser/analysis_dir/static/lib/types/json.js:<98:46,141:3> -> mcg/src/test/Data/body-parser/analysis_dir/static/lib/types/urlencoded.js:<174:26,180:1>
mcg/src/test/Data/body-parser/analysis_dir/static/lib/types/json.js:<98:46,141:3> -> mcg/src/test/Data/body-parser/analysis_dir/static/lib/types/text.js:<116:27,120:1>
mcg/src/test/Data/body-parser/analysis_dir/static/lib/types/json.js:<98:46,141:3> -> mcg/src/test/Data/body-parser/analysis_dir/static/lib/types/text.js:<101:25,107:1>
mcg/src/test/Data/body-parser/analysis_dir/static/lib/types/json.js:<98:46,141:3> -> mcg/src/test/Data/body-parser/analysis_dir/static/type-is/index.js:<161:26,182:1>
mcg/src/test/Data/body-parser/analysis_dir/static/lib/types/json.js:<98:46,141:3> -> mcg/src/test/Data/body-parser/analysis_dir/static/type-is/index.js:<92:23,95:1>
mcg/src/test/Data/body-parser/analysis_dir/static/lib/types/json.js:<98:46,141:3> -> mcg/src/test/Data/body-parser/analysis_dir/static/lib/types/raw.js:<101:28,105:1>
mcg/src/test/Data/body-parser/analysis_dir/static/lib/types/json.js:<98:46,141:3> -> mcg/src/test/Data/body-parser/analysis_dir/static/lib/read.js:<38:54,132:1>
mcg/src/test/Data/body-parser/analysis_dir/static/lib/types/json.js:<98:46,141:3> -> mcg/src/test/Data/body-parser/analysis_dir/static/lib/types/json.js:<226:28,230:1>
mcg/src/test/Data/body-parser/analysis_dir/static/lib/types/json.js:<98:46,141:3> -> mcg/src/test/Data/body-parser/analysis_dir/static/lib/types/json.js:<186:26,192:1>
mcg/src/test/Data/body-parser/analysis_dir/static/lib/types/json.js:<202:47,217:1> -> mcg/src/test/Data/body-parser/analysis_dir/static/lib/types/json.js(Native):<161:1,161:43>
mcg/src/test/Data/body-parser/analysis_dir/static/lib/types/json.js:<202:47,217:1> -> mcg/src/test/Data/body-parser/analysis_dir/static/lib/types/json.js(Native):<203:1,203:46>
mcg/src/test/Data/body-parser/analysis_dir/static/lib/types/urlencoded.js:<42:30,123:1> -> mcg/src/test/Data/body-parser/analysis_dir/static/lib/types/json.js(Native):<54:1,54:40>
mcg/src/test/Data/body-parser/analysis_dir/static/lib/types/urlencoded.js:<42:30,123:1> -> mcg/src/test/Data/body-parser/analysis_dir/static/lib/types/urlencoded.js:<279:28,283:1>
mcg/src/test/Data/body-parser/analysis_dir/static/lib/types/urlencoded.js:<42:30,123:1> -> mcg/src/test/Data/body-parser/analysis_dir/static/lib/types/urlencoded.js:<243:32,270:1>
mcg/src/test/Data/body-parser/analysis_dir/static/lib/types/urlencoded.js:<42:30,123:1> -> mcg/src/test/Data/body-parser/analysis_dir/static/lib/types/urlencoded.js:<131:34,165:1>
mcg/src/test/Data/body-parser/analysis_dir/static/lib/types/urlencoded.js:<42:30,123:1> -> mcg/src/test/Data/body-parser/analysis_dir/static/lib/types/text.js:<116:27,120:1>
mcg/src/test/Data/body-parser/analysis_dir/static/lib/types/urlencoded.js:<42:30,123:1> -> mcg/src/test/Data/body-parser/analysis_dir/static/lib/types/raw.js:<101:28,105:1>
mcg/src/test/Data/body-parser/analysis_dir/static/lib/types/urlencoded.js:<42:30,123:1> -> mcg/src/test/Data/body-parser/analysis_dir/static/lib/types/json.js:<226:28,230:1>
mcg/src/test/Data/body-parser/analysis_dir/static/lib/types/text.js:<32:23,92:1> -> mcg/src/test/Data/body-parser/analysis_dir/static/lib/types/json.js(Native):<54:1,54:40>
mcg/src/test/Data/body-parser/analysis_dir/static/lib/types/text.js:<32:23,92:1> -> mcg/src/test/Data/body-parser/analysis_dir/static/lib/types/urlencoded.js:<279:28,283:1>
mcg/src/test/Data/body-parser/analysis_dir/static/lib/types/text.js:<32:23,92:1> -> mcg/src/test/Data/body-parser/analysis_dir/static/lib/types/text.js:<116:27,120:1>
mcg/src/test/Data/body-parser/analysis_dir/static/lib/types/text.js:<32:23,92:1> -> mcg/src/test/Data/body-parser/analysis_dir/static/lib/types/raw.js:<101:28,105:1>
mcg/src/test/Data/body-parser/analysis_dir/static/lib/types/text.js:<32:23,92:1> -> mcg/src/test/Data/body-parser/analysis_dir/static/lib/types/json.js:<226:28,230:1>
mcg/src/test/Data/body-parser/analysis_dir/static/lib/types/raw.js:<36:23,92:1> -> mcg/src/test/Data/body-parser/analysis_dir/static/lib/types/json.js(Native):<54:1,54:40>
mcg/src/test/Data/body-parser/analysis_dir/static/lib/types/raw.js:<36:23,92:1> -> mcg/src/test/Data/body-parser/analysis_dir/static/lib/types/urlencoded.js:<279:28,283:1>
mcg/src/test/Data/body-parser/analysis_dir/static/lib/types/raw.js:<36:23,92:1> -> mcg/src/test/Data/body-parser/analysis_dir/static/lib/types/text.js:<116:27,120:1>
mcg/src/test/Data/body-parser/analysis_dir/static/lib/types/raw.js:<36:23,92:1> -> mcg/src/test/Data/body-parser/analysis_dir/static/lib/types/raw.js:<101:28,105:1>
mcg/src/test/Data/body-parser/analysis_dir/static/lib/types/raw.js:<36:23,92:1> -> mcg/src/test/Data/body-parser/analysis_dir/static/lib/types/json.js:<226:28,230:1>
mcg/src/test/Data/body-parser/analysis_dir/static/lib/types/json.js:<50:24,142:1> -> mcg/src/test/Data/body-parser/analysis_dir/static/lib/types/json.js(Native):<54:1,54:40>
mcg/src/test/Data/body-parser/analysis_dir/static/lib/types/json.js:<50:24,142:1> -> mcg/src/test/Data/body-parser/analysis_dir/static/lib/types/urlencoded.js:<279:28,283:1>
mcg/src/test/Data/body-parser/analysis_dir/static/lib/types/json.js:<50:24,142:1> -> mcg/src/test/Data/body-parser/analysis_dir/static/lib/types/text.js:<116:27,120:1>
mcg/src/test/Data/body-parser/analysis_dir/static/lib/types/json.js:<50:24,142:1> -> mcg/src/test/Data/body-parser/analysis_dir/static/lib/types/raw.js:<101:28,105:1>
mcg/src/test/Data/body-parser/analysis_dir/static/lib/types/json.js:<50:24,142:1> -> mcg/src/test/Data/body-parser/analysis_dir/static/lib/types/json.js:<226:28,230:1>
mcg/src/test/Data/body-parser/analysis_dir/static/lib/types/raw.js:<59:45,91:3> -> mcg/src/test/Data/body-parser/analysis_dir/static/lib/types/urlencoded.js:<279:28,283:1>
mcg/src/test/Data/body-parser/analysis_dir/static/lib/types/raw.js:<59:45,91:3> -> mcg/src/test/Data/body-parser/analysis_dir/static/lib/types/text.js:<116:27,120:1>
mcg/src/test/Data/body-parser/analysis_dir/static/lib/types/raw.js:<59:45,91:3> -> mcg/src/test/Data/body-parser/analysis_dir/static/type-is/index.js:<161:26,182:1>
mcg/src/test/Data/body-parser/analysis_dir/static/lib/types/raw.js:<59:45,91:3> -> mcg/src/test/Data/body-parser/analysis_dir/static/type-is/index.js:<92:23,95:1>
mcg/src/test/Data/body-parser/analysis_dir/static/lib/types/raw.js:<59:45,91:3> -> mcg/src/test/Data/body-parser/analysis_dir/static/lib/types/raw.js:<101:28,105:1>
mcg/src/test/Data/body-parser/analysis_dir/static/lib/types/raw.js:<59:45,91:3> -> mcg/src/test/Data/body-parser/analysis_dir/static/lib/read.js:<38:54,132:1>
mcg/src/test/Data/body-parser/analysis_dir/static/lib/types/raw.js:<59:45,91:3> -> mcg/src/test/Data/body-parser/analysis_dir/static/lib/types/json.js:<226:28,230:1>
mcg/src/test/Data/body-parser/analysis_dir/static/lib/read.js:<38:54,132:1> -> mcg/src/test/Data/body-parser/analysis_dir/static/lib/types/json.js(Native):<127:1,127:75>
mcg/src/test/Data/body-parser/analysis_dir/static/lib/read.js:<38:54,132:1> -> mcg/src/test/Data/body-parser/analysis_dir/static/lib/types/json.js(Native):<188:1,188:74>
mcg/src/test/Data/body-parser/analysis_dir/static/lib/read.js:<38:54,132:1> -> mcg/src/test/Data/body-parser/analysis_dir/static/lib/read.js:<144:45,181:1>
mcg/src/test/Data/body-parser/analysis_dir/static/lib/read.js:<144:45,181:1> -> mcg/src/test/Data/body-parser/analysis_dir/static/lib/types/json.js(Native):<188:1,188:74>
mcg/src/test/Data/body-parser/analysis_dir/static/lib/types/urlencoded.js:<280:34,282:3> -> mcg/src/test/Data/body-parser/analysis_dir/static/type-is/index.js:<43:32,79:1>
mcg/src/test/Data/body-parser/analysis_dir/static/lib/types/text.js:<117:33,119:3> -> mcg/src/test/Data/body-parser/analysis_dir/static/type-is/index.js:<43:32,79:1>
mcg/src/test/Data/body-parser/analysis_dir/static/lib/types/raw.js:<102:34,104:3> -> mcg/src/test/Data/body-parser/analysis_dir/static/type-is/index.js:<43:32,79:1>
mcg/src/test/Data/body-parser/analysis_dir/static/lib/types/json.js:<227:34,229:3> -> mcg/src/test/Data/body-parser/analysis_dir/static/type-is/index.js:<43:32,79:1>
mcg/src/test/Data/body-parser/analysis_dir/static/lib/types/text.js:<101:25,107:1> -> mcg/src/test/Data/body-parser/analysis_dir/static/lib/types/json.js(Native):<54:1,54:40>
mcg/src/test/Data/body-parser/analysis_dir/static/lib/types/text.js:<101:25,107:1> -> mcg/src/test/Data/body-parser/analysis_dir/static/lib/types/json.js(Native):<188:1,188:74>
mcg/src/test/Data/body-parser/analysis_dir/static/lib/types/urlencoded.js:<131:34,165:1> -> mcg/src/test/Data/body-parser/analysis_dir/static/lib/types/urlencoded.js:<214:23,235:1>
mcg/src/test/Data/body-parser/analysis_dir/static/lib/types/urlencoded.js:<174:26,180:1> -> mcg/src/test/Data/body-parser/analysis_dir/static/lib/types/json.js(Native):<54:1,54:40>
mcg/src/test/Data/body-parser/analysis_dir/static/lib/types/urlencoded.js:<174:26,180:1> -> mcg/src/test/Data/body-parser/analysis_dir/static/lib/types/json.js(Native):<188:1,188:74>
mcg/src/test/Data/body-parser/analysis_dir/static/lib/types/urlencoded.js:<190:38,204:1> -> mcg/src/test/Data/body-parser/analysis_dir/static/lib/types/json.js(Native):<154:1,154:31>
mcg/src/test/Data/body-parser/analysis_dir/static/lib/types/urlencoded.js:<243:32,270:1> -> mcg/src/test/Data/body-parser/analysis_dir/static/lib/types/urlencoded.js:<214:23,235:1>
