[
  browser.js<global>:12:18 -> browser.js:12:19,
  common.js<createDebug>:117:20 -> node.js:155:0,
  common.js<createDebug>:117:20 -> browser.js:115:0,
  browser.js<NativeCallee(replace)>:166:1 -> browser.js:169:1,
  common.js<enable>:163:2 -> node.js:203:0,
  common.js<enable>:163:2 -> browser.js:200:0,
  common.js<setup>:269:20 -> node.js:220:0,
  common.js<setup>:269:20 -> browser.js:219:0,
  browser.js<global>:11:18 -> browser.js:247:0,
  common.js<NativeCallee(forEach)>:17:1 -> common.js:17:26,
  common.js<createDebug>:118:16 -> common.js:41:1,
  common.js<extend>:150:19 -> common.js:60:1,
  common.js<NativeCallee(replace)>:91:13 -> common.js:91:46,
  common.js<setup>:269:1 -> common.js:162:1,
  common.js<disable>:200:2 -> common.js:162:1,
  common.js<NativeCallee(map)>:198:6 -> common.js:241:1,
  common.js<NativeCallee(map)>:198:6 -> common.js:198:45,
  common.js<anon>:131:20 -> common.js:211:1,
  common.js<debug>:82:13 -> common.js:254:1,
  node.js<NativeCallee(filter)>:124:22 -> node.js:126:10,
  node.js<NativeCallee(filter)>:124:22 -> node.js:124:54,
  node.js<formatArgs>:178:12 -> node.js:182:0,
  common.js<createDebug>:143:3 -> node.js:231:0
]